<?xml version="1.0" encoding="UTF-8"?>
<!-- Generated by org.testng.reporters.JUnitReportReporter -->
<testsuite hostname="Farids-iMac.lan" failures="0" tests="1" name="herokuappUITestAutomation" time="3.418" errors="0" timestamp="2022-10-30T18:44:26 PDT" skipped="0">
  <testcase classname="herokuappUITestAutomation" name="testAdd_N_Number_Off_Elements" time="3.418"/>
  <system-out/>
</testsuite> <!-- herokuappUITestAutomation -->
